<<<<<<< HEAD
Analysis & Synthesis report for LogicalStep_Lab4_top
Fri Jul 06 16:40:12 2018
Quartus Prime Version 15.1.0 Build 185 10/21/2015 SJ Standard Edition


---------------------
; Table of Contents ;
---------------------
  1. Legal Notice
  2. Analysis & Synthesis Summary
  3. Analysis & Synthesis Settings
  4. Parallel Compilation
  5. Analysis & Synthesis Source Files Read
  6. Analysis & Synthesis Resource Usage Summary
  7. Analysis & Synthesis Resource Utilization by Entity
  8. State Machine - |LogicalStep_Lab4_top|MooreTwo:MooreState2|currentState
  9. State Machine - |LogicalStep_Lab4_top|MooreOne:MooreState1|currentState
 10. User-Specified and Inferred Latches
 11. Registers Removed During Synthesis
 12. General Register Statistics
 13. Multiplexer Restructuring Statistics (Restructuring Performed)
 14. Post-Synthesis Netlist Statistics for Top Partition
 15. Elapsed Time Per Partition
 16. Analysis & Synthesis Messages



----------------
; Legal Notice ;
----------------
Copyright (C) 1991-2015 Altera Corporation. All rights reserved.
Your use of Altera Corporation's design tools, logic functions 
and other software and tools, and its AMPP partner logic 
functions, and any output files from any of the foregoing 
(including device programming or simulation files), and any 
associated documentation or information are expressly subject 
to the terms and conditions of the Altera Program License 
Subscription Agreement, the Altera Quartus Prime License Agreement,
the Altera MegaCore Function License Agreement, or other 
applicable license agreement, including, without limitation, 
that your use is for the sole purpose of programming logic 
devices manufactured by Altera and sold by Altera or its 
authorized distributors.  Please refer to the applicable 
agreement for further details.



+--------------------------------------------------------------------------------------+
; Analysis & Synthesis Summary                                                         ;
+------------------------------------+-------------------------------------------------+
; Analysis & Synthesis Status        ; Successful - Fri Jul 06 16:40:12 2018           ;
; Quartus Prime Version              ; 15.1.0 Build 185 10/21/2015 SJ Standard Edition ;
; Revision Name                      ; LogicalStep_Lab4_top                            ;
; Top-level Entity Name              ; LogicalStep_Lab4_top                            ;
; Family                             ; MAX 10                                          ;
; Total logic elements               ; 115                                             ;
;     Total combinational functions  ; 115                                             ;
;     Dedicated logic registers      ; 43                                              ;
; Total registers                    ; 43                                              ;
; Total pins                         ; 31                                              ;
; Total virtual pins                 ; 0                                               ;
; Total memory bits                  ; 0                                               ;
; Embedded Multiplier 9-bit elements ; 0                                               ;
; Total PLLs                         ; 0                                               ;
; UFM blocks                         ; 0                                               ;
; ADC blocks                         ; 0                                               ;
+------------------------------------+-------------------------------------------------+


+--------------------------------------------------------------------------------------------------------------------------+
; Analysis & Synthesis Settings                                                                                            ;
+----------------------------------------------------------------------------+----------------------+----------------------+
; Option                                                                     ; Setting              ; Default Value        ;
+----------------------------------------------------------------------------+----------------------+----------------------+
; Device                                                                     ; 10M08SAE144C8G       ;                      ;
; Top-level entity name                                                      ; LogicalStep_Lab4_top ; LogicalStep_Lab4_top ;
; Family name                                                                ; MAX 10               ; Cyclone V            ;
; Use smart compilation                                                      ; Off                  ; Off                  ;
; Enable parallel Assembler and TimeQuest Timing Analyzer during compilation ; On                   ; On                   ;
; Enable compact report table                                                ; Off                  ; Off                  ;
; Restructure Multiplexers                                                   ; Auto                 ; Auto                 ;
; Create Debugging Nodes for IP Cores                                        ; Off                  ; Off                  ;
; Preserve fewer node names                                                  ; On                   ; On                   ;
; Disable OpenCore Plus hardware evaluation                                  ; Off                  ; Off                  ;
; Verilog Version                                                            ; Verilog_2001         ; Verilog_2001         ;
; VHDL Version                                                               ; VHDL_1993            ; VHDL_1993            ;
; State Machine Processing                                                   ; Auto                 ; Auto                 ;
; Safe State Machine                                                         ; Off                  ; Off                  ;
; Extract Verilog State Machines                                             ; On                   ; On                   ;
; Extract VHDL State Machines                                                ; On                   ; On                   ;
; Ignore Verilog initial constructs                                          ; Off                  ; Off                  ;
; Iteration limit for constant Verilog loops                                 ; 5000                 ; 5000                 ;
; Iteration limit for non-constant Verilog loops                             ; 250                  ; 250                  ;
; Add Pass-Through Logic to Inferred RAMs                                    ; On                   ; On                   ;
; Infer RAMs from Raw Logic                                                  ; On                   ; On                   ;
; Parallel Synthesis                                                         ; On                   ; On                   ;
; DSP Block Balancing                                                        ; Auto                 ; Auto                 ;
; NOT Gate Push-Back                                                         ; On                   ; On                   ;
; Power-Up Don't Care                                                        ; On                   ; On                   ;
; Remove Redundant Logic Cells                                               ; Off                  ; Off                  ;
; Remove Duplicate Registers                                                 ; On                   ; On                   ;
; Ignore CARRY Buffers                                                       ; Off                  ; Off                  ;
; Ignore CASCADE Buffers                                                     ; Off                  ; Off                  ;
; Ignore GLOBAL Buffers                                                      ; Off                  ; Off                  ;
; Ignore ROW GLOBAL Buffers                                                  ; Off                  ; Off                  ;
; Ignore LCELL Buffers                                                       ; Off                  ; Off                  ;
; Ignore SOFT Buffers                                                        ; On                   ; On                   ;
; Limit AHDL Integers to 32 Bits                                             ; Off                  ; Off                  ;
; Optimization Technique                                                     ; Balanced             ; Balanced             ;
; Carry Chain Length                                                         ; 70                   ; 70                   ;
; Auto Carry Chains                                                          ; On                   ; On                   ;
; Auto Open-Drain Pins                                                       ; On                   ; On                   ;
; Perform WYSIWYG Primitive Resynthesis                                      ; Off                  ; Off                  ;
; Auto ROM Replacement                                                       ; On                   ; On                   ;
; Auto RAM Replacement                                                       ; On                   ; On                   ;
; Auto DSP Block Replacement                                                 ; On                   ; On                   ;
; Auto Shift Register Replacement                                            ; Auto                 ; Auto                 ;
; Allow Shift Register Merging across Hierarchies                            ; Auto                 ; Auto                 ;
; Auto Clock Enable Replacement                                              ; On                   ; On                   ;
; Strict RAM Replacement                                                     ; Off                  ; Off                  ;
; Allow Synchronous Control Signals                                          ; On                   ; On                   ;
; Force Use of Synchronous Clear Signals                                     ; Off                  ; Off                  ;
; Auto RAM Block Balancing                                                   ; On                   ; On                   ;
; Auto RAM to Logic Cell Conversion                                          ; Off                  ; Off                  ;
; Auto Resource Sharing                                                      ; Off                  ; Off                  ;
; Allow Any RAM Size For Recognition                                         ; Off                  ; Off                  ;
; Allow Any ROM Size For Recognition                                         ; Off                  ; Off                  ;
; Allow Any Shift Register Size For Recognition                              ; Off                  ; Off                  ;
; Use LogicLock Constraints during Resource Balancing                        ; On                   ; On                   ;
; Ignore translate_off and synthesis_off directives                          ; Off                  ; Off                  ;
; Timing-Driven Synthesis                                                    ; On                   ; On                   ;
; Report Parameter Settings                                                  ; On                   ; On                   ;
; Report Source Assignments                                                  ; On                   ; On                   ;
; Report Connectivity Checks                                                 ; On                   ; On                   ;
; Ignore Maximum Fan-Out Assignments                                         ; Off                  ; Off                  ;
; Synchronization Register Chain Length                                      ; 2                    ; 2                    ;
; PowerPlay Power Optimization During Synthesis                              ; Normal compilation   ; Normal compilation   ;
; HDL message level                                                          ; Level2               ; Level2               ;
; Suppress Register Optimization Related Messages                            ; Off                  ; Off                  ;
; Number of Removed Registers Reported in Synthesis Report                   ; 5000                 ; 5000                 ;
; Number of Swept Nodes Reported in Synthesis Report                         ; 5000                 ; 5000                 ;
; Number of Inverted Registers Reported in Synthesis Report                  ; 100                  ; 100                  ;
; Clock MUX Protection                                                       ; On                   ; On                   ;
; Auto Gated Clock Conversion                                                ; Off                  ; Off                  ;
; Block Design Naming                                                        ; Auto                 ; Auto                 ;
; SDC constraint protection                                                  ; Off                  ; Off                  ;
; Synthesis Effort                                                           ; Auto                 ; Auto                 ;
; Shift Register Replacement - Allow Asynchronous Clear Signal               ; On                   ; On                   ;
; Pre-Mapping Resynthesis Optimization                                       ; Off                  ; Off                  ;
; Analysis & Synthesis Message Level                                         ; Medium               ; Medium               ;
; Disable Register Merging Across Hierarchies                                ; Auto                 ; Auto                 ;
; Resource Aware Inference For Block RAM                                     ; On                   ; On                   ;
; Synthesis Seed                                                             ; 1                    ; 1                    ;
+----------------------------------------------------------------------------+----------------------+----------------------+


+------------------------------------------+
; Parallel Compilation                     ;
+----------------------------+-------------+
; Processors                 ; Number      ;
+----------------------------+-------------+
; Number detected on machine ; 4           ;
; Maximum allowed            ; 2           ;
;                            ;             ;
; Average used               ; 1.00        ;
; Maximum used               ; 2           ;
;                            ;             ;
; Usage by Processor         ; % Time Used ;
;     Processor 1            ; 100.0%      ;
;     Processor 2            ; < 0.1%      ;
+----------------------------+-------------+


+--------------------------------------------------------------------------------------------------------------------------------+
; Analysis & Synthesis Source Files Read                                                                                         ;
+----------------------------------+-----------------+-----------------------+-----------------------------------------+---------+
; File Name with User-Entered Path ; Used in Netlist ; File Type             ; File Name with Absolute Path            ; Library ;
+----------------------------------+-----------------+-----------------------+-----------------------------------------+---------+
; LogicalStep_Lab4_top.vhd         ; yes             ; User VHDL File        ; N:/ECE124/Lab4/LogicalStep_Lab4_top.vhd ;         ;
; segment7_mux.vhd                 ; yes             ; User VHDL File        ; N:/ECE124/Lab4/segment7_mux.vhd         ;         ;
; SevenSegment.vhd                 ; yes             ; User VHDL File        ; N:/ECE124/Lab4/SevenSegment.vhd         ;         ;
; Bidir_shift_reg.vhd              ; yes             ; User VHDL File        ; N:/ECE124/Lab4/Bidir_shift_reg.vhd      ;         ;
; Bin_Counter4bit.vhd              ; yes             ; User VHDL File        ; N:/ECE124/Lab4/Bin_Counter4bit.vhd      ;         ;
; Mealy_State_Machine.vhd          ; yes             ; User VHDL File        ; N:/ECE124/Lab4/Mealy_State_Machine.vhd  ;         ;
; MooreOne.vhd                     ; yes             ; User VHDL File        ; N:/ECE124/Lab4/MooreOne.vhd             ;         ;
; MooreTwo.vhd                     ; yes             ; User VHDL File        ; N:/ECE124/Lab4/MooreTwo.vhd             ;         ;
; four_bit_comparator.vhd          ; yes             ; Auto-Found VHDL File  ; N:/ECE124/Lab4/four_bit_comparator.vhd  ;         ;
; one_bit_comparator.vhd           ; yes             ; Auto-Found VHDL File  ; N:/ECE124/Lab4/one_bit_comparator.vhd   ;         ;
; mux.vhd                          ; yes             ; Auto-Found VHDL File  ; N:/ECE124/Lab4/mux.vhd                  ;         ;
+----------------------------------+-----------------+-----------------------+-----------------------------------------+---------+


+--------------------------------------------------------------+
; Analysis & Synthesis Resource Usage Summary                  ;
+---------------------------------------------+----------------+
; Resource                                    ; Usage          ;
+---------------------------------------------+----------------+
; Estimated Total logic elements              ; 115            ;
;                                             ;                ;
; Total combinational functions               ; 115            ;
; Logic element usage by number of LUT inputs ;                ;
;     -- 4 input functions                    ; 41             ;
;     -- 3 input functions                    ; 37             ;
;     -- <=2 input functions                  ; 37             ;
;                                             ;                ;
; Logic elements by mode                      ;                ;
;     -- normal mode                          ; 87             ;
;     -- arithmetic mode                      ; 28             ;
;                                             ;                ;
; Total registers                             ; 43             ;
;     -- Dedicated logic registers            ; 43             ;
;     -- I/O registers                        ; 0              ;
;                                             ;                ;
; I/O pins                                    ; 31             ;
;                                             ;                ;
; Embedded Multiplier 9-bit elements          ; 0              ;
;                                             ;                ;
; Maximum fan-out node                        ; clkin_50~input ;
; Maximum fan-out                             ; 24             ;
; Total fan-out                               ; 501            ;
; Average fan-out                             ; 2.28           ;
+---------------------------------------------+----------------+


+---------------------------------------------------------------------------------------------------------------------------------------------------------------------------------------------------------------------------------------------------+
; Analysis & Synthesis Resource Utilization by Entity                                                                                                                                                                                               ;
+--------------------------------------+-------------------+--------------+-------------+------------+--------------+---------+-----------+------+--------------+------------+-------------------------------------------------------+--------------+
; Compilation Hierarchy Node           ; LC Combinationals ; LC Registers ; Memory Bits ; UFM Blocks ; DSP Elements ; DSP 9x9 ; DSP 18x18 ; Pins ; Virtual Pins ; ADC blocks ; Full Hierarchy Name                                   ; Library Name ;
+--------------------------------------+-------------------+--------------+-------------+------------+--------------+---------+-----------+------+--------------+------------+-------------------------------------------------------+--------------+
; |LogicalStep_Lab4_top                ; 115 (24)          ; 43 (24)      ; 0           ; 0          ; 0            ; 0       ; 0         ; 31   ; 0            ; 0          ; |LogicalStep_Lab4_top                                 ; work         ;
;    |Bidir_shift_reg:BidirReg|        ; 4 (4)             ; 4 (4)        ; 0           ; 0          ; 0            ; 0       ; 0         ; 0    ; 0            ; 0          ; |LogicalStep_Lab4_top|Bidir_shift_reg:BidirReg        ; work         ;
;    |Bin_Counter4bit:XCounter|        ; 6 (6)             ; 4 (4)        ; 0           ; 0          ; 0            ; 0       ; 0         ; 0    ; 0            ; 0          ; |LogicalStep_Lab4_top|Bin_Counter4bit:XCounter        ; work         ;
;    |Bin_Counter4bit:YCounter|        ; 6 (6)             ; 4 (4)        ; 0           ; 0          ; 0            ; 0       ; 0         ; 0    ; 0            ; 0          ; |LogicalStep_Lab4_top|Bin_Counter4bit:YCounter        ; work         ;
;    |MUX:XMUX|                        ; 4 (4)             ; 0 (0)        ; 0           ; 0          ; 0            ; 0       ; 0         ; 0    ; 0            ; 0          ; |LogicalStep_Lab4_top|MUX:XMUX                        ; work         ;
;    |MUX:YMUX|                        ; 4 (4)             ; 0 (0)        ; 0           ; 0          ; 0            ; 0       ; 0         ; 0    ; 0            ; 0          ; |LogicalStep_Lab4_top|MUX:YMUX                        ; work         ;
;    |Mealy_State_Machine:MealState|   ; 22 (22)           ; 2 (2)        ; 0           ; 0          ; 0            ; 0       ; 0         ; 0    ; 0            ; 0          ; |LogicalStep_Lab4_top|Mealy_State_Machine:MealState   ; work         ;
;    |MooreOne:MooreState1|            ; 11 (11)           ; 4 (4)        ; 0           ; 0          ; 0            ; 0       ; 0         ; 0    ; 0            ; 0          ; |LogicalStep_Lab4_top|MooreOne:MooreState1            ; work         ;
;    |MooreTwo:MooreState2|            ; 1 (1)             ; 1 (1)        ; 0           ; 0          ; 0            ; 0       ; 0         ; 0    ; 0            ; 0          ; |LogicalStep_Lab4_top|MooreTwo:MooreState2            ; work         ;
;    |SevenSegment:XSevenSeg|          ; 7 (7)             ; 0 (0)        ; 0           ; 0          ; 0            ; 0       ; 0         ; 0    ; 0            ; 0          ; |LogicalStep_Lab4_top|SevenSegment:XSevenSeg          ; work         ;
;    |SevenSegment:YSevenSeg|          ; 7 (7)             ; 0 (0)        ; 0           ; 0          ; 0            ; 0       ; 0         ; 0    ; 0            ; 0          ; |LogicalStep_Lab4_top|SevenSegment:YSevenSeg          ; work         ;
;    |four_bit_comparator:XComparator| ; 6 (6)             ; 0 (0)        ; 0           ; 0          ; 0            ; 0       ; 0         ; 0    ; 0            ; 0          ; |LogicalStep_Lab4_top|four_bit_comparator:XComparator ; work         ;
;    |four_bit_comparator:YComparator| ; 6 (6)             ; 0 (0)        ; 0           ; 0          ; 0            ; 0       ; 0         ; 0    ; 0            ; 0          ; |LogicalStep_Lab4_top|four_bit_comparator:YComparator ; work         ;
;    |segment7_mux:seg7mux|            ; 7 (7)             ; 0 (0)        ; 0           ; 0          ; 0            ; 0       ; 0         ; 0    ; 0            ; 0          ; |LogicalStep_Lab4_top|segment7_mux:seg7mux            ; work         ;
+--------------------------------------+-------------------+--------------+-------------+------------+--------------+---------+-----------+------+--------------+------------+-------------------------------------------------------+--------------+
Note: For table entries with two numbers listed, the numbers in parentheses indicate the number of resources of the given type used by the specific entity alone. The numbers listed outside of parentheses indicate the total resources of the given type used by the specific entity and all of its sub-entities in the hierarchy.


Encoding Type:  One-Hot
+-------------------------------------------------------------------------+
; State Machine - |LogicalStep_Lab4_top|MooreTwo:MooreState2|currentState ;
+-----------------+-----------------+-----------------+-------------------+
; Name            ; currentState.s2 ; currentState.s1 ; currentState.s0   ;
+-----------------+-----------------+-----------------+-------------------+
; currentState.s0 ; 0               ; 0               ; 0                 ;
; currentState.s1 ; 0               ; 1               ; 1                 ;
; currentState.s2 ; 1               ; 0               ; 1                 ;
+-----------------+-----------------+-----------------+-------------------+


Encoding Type:  One-Hot
+-----------------------------------------------------------------------------------------+
; State Machine - |LogicalStep_Lab4_top|MooreOne:MooreState1|currentState                 ;
+-----------------+-----------------+-----------------+-----------------+-----------------+
; Name            ; currentState.s3 ; currentState.s2 ; currentState.s1 ; currentState.s0 ;
+-----------------+-----------------+-----------------+-----------------+-----------------+
; currentState.s0 ; 0               ; 0               ; 0               ; 0               ;
; currentState.s1 ; 0               ; 0               ; 1               ; 1               ;
; currentState.s2 ; 0               ; 1               ; 0               ; 1               ;
; currentState.s3 ; 1               ; 0               ; 0               ; 1               ;
+-----------------+-----------------+-----------------+-----------------+-----------------+


+---------------------------------------------------------------------------------------------------------------------+
; User-Specified and Inferred Latches                                                                                 ;
+----------------------------------------------------+---------------------------------------+------------------------+
; Latch Name                                         ; Latch Enable Signal                   ; Free of Timing Hazards ;
+----------------------------------------------------+---------------------------------------+------------------------+
; Mealy_State_Machine:MealState|xclk_en              ; MooreOne:MooreState1|currentState.s0  ; yes                    ;
; Mealy_State_Machine:MealState|xupdown              ; Mealy_State_Machine:MealState|xupdown ; yes                    ;
; Mealy_State_Machine:MealState|yclk_en              ; MooreOne:MooreState1|currentState.s0  ; yes                    ;
; Mealy_State_Machine:MealState|yupdown              ; Mealy_State_Machine:MealState|yupdown ; yes                    ;
; MooreOne:MooreState1|direction                     ; MooreOne:MooreState1|direction        ; yes                    ;
; Mealy_State_Machine:MealState|nextXState           ; GND                                   ; yes                    ;
; Mealy_State_Machine:MealState|nextYState           ; GND                                   ; yes                    ;
; Number of user-specified and inferred latches = 7  ;                                       ;                        ;
+----------------------------------------------------+---------------------------------------+------------------------+
Note: All latches listed above may not be present at the end of synthesis due to various synthesis optimizations.


+------------------------------------------------------------------------+
; Registers Removed During Synthesis                                     ;
+------------------------------------------+-----------------------------+
; Register name                            ; Reason for Removal          ;
+------------------------------------------+-----------------------------+
; segment7_mux:seg7mux|\clk_proc:COUNT[0]  ; Merged with bin_counter[0]  ;
; segment7_mux:seg7mux|\clk_proc:COUNT[1]  ; Merged with bin_counter[1]  ;
; segment7_mux:seg7mux|\clk_proc:COUNT[2]  ; Merged with bin_counter[2]  ;
; segment7_mux:seg7mux|\clk_proc:COUNT[3]  ; Merged with bin_counter[3]  ;
; segment7_mux:seg7mux|\clk_proc:COUNT[4]  ; Merged with bin_counter[4]  ;
; segment7_mux:seg7mux|\clk_proc:COUNT[5]  ; Merged with bin_counter[5]  ;
; segment7_mux:seg7mux|\clk_proc:COUNT[6]  ; Merged with bin_counter[6]  ;
; segment7_mux:seg7mux|\clk_proc:COUNT[7]  ; Merged with bin_counter[7]  ;
; segment7_mux:seg7mux|\clk_proc:COUNT[8]  ; Merged with bin_counter[8]  ;
; segment7_mux:seg7mux|\clk_proc:COUNT[9]  ; Merged with bin_counter[9]  ;
; segment7_mux:seg7mux|\clk_proc:COUNT[10] ; Merged with bin_counter[10] ;
; MooreTwo:MooreState2|currentState.s0     ; Lost fanout                 ;
; MooreTwo:MooreState2|currentState.s1     ; Lost fanout                 ;
; bin_counter[24,25]                       ; Lost fanout                 ;
; Total Number of Removed Registers = 15   ;                             ;
+------------------------------------------+-----------------------------+


+------------------------------------------------------+
; General Register Statistics                          ;
+----------------------------------------------+-------+
; Statistic                                    ; Value ;
+----------------------------------------------+-------+
; Total registers                              ; 43    ;
; Number of registers using Synchronous Clear  ; 0     ;
; Number of registers using Synchronous Load   ; 0     ;
; Number of registers using Asynchronous Clear ; 12    ;
; Number of registers using Asynchronous Load  ; 0     ;
; Number of registers using Clock Enable       ; 10    ;
; Number of registers using Preset             ; 0     ;
+----------------------------------------------+-------+


+-----------------------------------------------------------------------------------------------------------------------------------------------------------------------+
; Multiplexer Restructuring Statistics (Restructuring Performed)                                                                                                        ;
+--------------------+-----------+---------------+----------------------+------------------------+------------+---------------------------------------------------------+
; Multiplexer Inputs ; Bus Width ; Baseline Area ; Area if Restructured ; Saving if Restructured ; Registered ; Example Multiplexer Output                              ;
+--------------------+-----------+---------------+----------------------+------------------------+------------+---------------------------------------------------------+
; 3:1                ; 2 bits    ; 4 LEs         ; 4 LEs                ; 0 LEs                  ; No         ; |LogicalStep_Lab4_top|MooreOne:MooreState1|shiftClk_en  ;
; 4:1                ; 2 bits    ; 4 LEs         ; 2 LEs                ; 2 LEs                  ; No         ; |LogicalStep_Lab4_top|MooreOne:MooreState1|nextState.s2 ;
; 4:1                ; 2 bits    ; 4 LEs         ; 4 LEs                ; 0 LEs                  ; No         ; |LogicalStep_Lab4_top|MooreTwo:MooreState2|nextState.s2 ;
+--------------------+-----------+---------------+----------------------+------------------------+------------+---------------------------------------------------------+


+-----------------------------------------------------+
; Post-Synthesis Netlist Statistics for Top Partition ;
+-----------------------+-----------------------------+
; Type                  ; Count                       ;
+-----------------------+-----------------------------+
; boundary_port         ; 31                          ;
; cycloneiii_ff         ; 43                          ;
;     CLR               ; 2                           ;
;     ENA CLR           ; 10                          ;
;     plain             ; 31                          ;
; cycloneiii_io_obuf    ; 3                           ;
; cycloneiii_lcell_comb ; 121                         ;
;     arith             ; 28                          ;
;         2 data inputs ; 23                          ;
;         3 data inputs ; 5                           ;
;     normal            ; 93                          ;
;         0 data inputs ; 1                           ;
;         1 data inputs ; 7                           ;
;         2 data inputs ; 12                          ;
;         3 data inputs ; 32                          ;
;         4 data inputs ; 41                          ;
;                       ;                             ;
; Max LUT depth         ; 4.00                        ;
; Average LUT depth     ; 2.74                        ;
+-----------------------+-----------------------------+


+-------------------------------+
; Elapsed Time Per Partition    ;
+----------------+--------------+
; Partition Name ; Elapsed Time ;
+----------------+--------------+
; Top            ; 00:00:00     ;
+----------------+--------------+


+-------------------------------+
; Analysis & Synthesis Messages ;
+-------------------------------+
Info: *******************************************************************
Info: Running Quartus Prime Analysis & Synthesis
    Info: Version 15.1.0 Build 185 10/21/2015 SJ Standard Edition
    Info: Processing started: Fri Jul 06 16:39:56 2018
Info: Command: quartus_map --read_settings_files=on --write_settings_files=off LogicalStep_Lab4 -c LogicalStep_Lab4_top
Info (20030): Parallel compilation is enabled and will use 2 of the 2 processors detected
Info (12021): Found 2 design units, including 1 entities, in source file logicalstep_lab4_top.vhd
    Info (12022): Found design unit 1: LogicalStep_Lab4_top-SimpleCircuit File: N:/ECE124/Lab4/LogicalStep_Lab4_top.vhd Line: 20
    Info (12023): Found entity 1: LogicalStep_Lab4_top File: N:/ECE124/Lab4/LogicalStep_Lab4_top.vhd Line: 6
Info (12021): Found 2 design units, including 1 entities, in source file segment7_mux.vhd
    Info (12022): Found design unit 1: segment7_mux-syn File: N:/ECE124/Lab4/segment7_mux.vhd Line: 67
    Info (12023): Found entity 1: segment7_mux File: N:/ECE124/Lab4/segment7_mux.vhd Line: 52
Info (12021): Found 2 design units, including 1 entities, in source file sevensegment.vhd
    Info (12022): Found design unit 1: SevenSegment-Structural File: N:/ECE124/Lab4/SevenSegment.vhd Line: 18
    Info (12023): Found entity 1: SevenSegment File: N:/ECE124/Lab4/SevenSegment.vhd Line: 10
Warning (12019): Can't analyze file -- file compx4.vhd is missing
Warning (12019): Can't analyze file -- file compx1.vhd is missing
Info (12021): Found 2 design units, including 1 entities, in source file bidir_shift_reg.vhd
    Info (12022): Found design unit 1: Bidir_shift_reg-one File: N:/ECE124/Lab4/Bidir_shift_reg.vhd Line: 14
    Info (12023): Found entity 1: Bidir_shift_reg File: N:/ECE124/Lab4/Bidir_shift_reg.vhd Line: 5
Info (12021): Found 2 design units, including 1 entities, in source file bin_counter4bit.vhd
    Info (12022): Found design unit 1: Bin_Counter4bit-one File: N:/ECE124/Lab4/Bin_Counter4bit.vhd Line: 14
    Info (12023): Found entity 1: Bin_Counter4bit File: N:/ECE124/Lab4/Bin_Counter4bit.vhd Line: 5
Info (12021): Found 2 design units, including 1 entities, in source file mealy_state_machine.vhd
    Info (12022): Found design unit 1: Mealy_State_Machine-Mealy File: N:/ECE124/Lab4/Mealy_State_Machine.vhd Line: 11
    Info (12023): Found entity 1: Mealy_State_Machine File: N:/ECE124/Lab4/Mealy_State_Machine.vhd Line: 5
Info (12021): Found 2 design units, including 1 entities, in source file mooreone.vhd
    Info (12022): Found design unit 1: MooreOne-MooreOne File: N:/ECE124/Lab4/MooreOne.vhd Line: 14
    Info (12023): Found entity 1: MooreOne File: N:/ECE124/Lab4/MooreOne.vhd Line: 5
Info (12021): Found 2 design units, including 1 entities, in source file mooretwo.vhd
    Info (12022): Found design unit 1: MooreTwo-MooreTwo File: N:/ECE124/Lab4/MooreTwo.vhd Line: 13
    Info (12023): Found entity 1: MooreTwo File: N:/ECE124/Lab4/MooreTwo.vhd Line: 5
Info (12127): Elaborating entity "LogicalStep_Lab4_top" for the top level hierarchy
Warning (10873): Using initial value X (don't care) for net "leds[2..1]" at LogicalStep_Lab4_top.vhd(13) File: N:/ECE124/Lab4/LogicalStep_Lab4_top.vhd Line: 13
Warning (12125): Using design file four_bit_comparator.vhd, which is not specified as a design file for the current project, but contains definitions for 2 design units and 1 entities in project
    Info (12022): Found design unit 1: four_bit_comparator-Structural File: N:/ECE124/Lab4/four_bit_comparator.vhd Line: 20
    Info (12023): Found entity 1: four_bit_comparator File: N:/ECE124/Lab4/four_bit_comparator.vhd Line: 5
Info (12128): Elaborating entity "four_bit_comparator" for hierarchy "four_bit_comparator:XComparator" File: N:/ECE124/Lab4/LogicalStep_Lab4_top.vhd Line: 135
Warning (12125): Using design file one_bit_comparator.vhd, which is not specified as a design file for the current project, but contains definitions for 2 design units and 1 entities in project
    Info (12022): Found design unit 1: one_bit_comparator-Structural File: N:/ECE124/Lab4/one_bit_comparator.vhd Line: 14
    Info (12023): Found entity 1: one_bit_comparator File: N:/ECE124/Lab4/one_bit_comparator.vhd Line: 5
Info (12128): Elaborating entity "one_bit_comparator" for hierarchy "four_bit_comparator:XComparator|one_bit_comparator:INST1" File: N:/ECE124/Lab4/four_bit_comparator.vhd Line: 45
Info (12128): Elaborating entity "SevenSegment" for hierarchy "SevenSegment:XSevenSeg" File: N:/ECE124/Lab4/LogicalStep_Lab4_top.vhd Line: 137
Info (12128): Elaborating entity "segment7_mux" for hierarchy "segment7_mux:seg7mux" File: N:/ECE124/Lab4/LogicalStep_Lab4_top.vhd Line: 139
Info (12128): Elaborating entity "Bidir_shift_reg" for hierarchy "Bidir_shift_reg:BidirReg" File: N:/ECE124/Lab4/LogicalStep_Lab4_top.vhd Line: 140
Warning (10492): VHDL Process Statement warning at Bidir_shift_reg.vhd(30): signal "sreg" is read inside the Process Statement but isn't in the Process Statement's sensitivity list File: N:/ECE124/Lab4/Bidir_shift_reg.vhd Line: 30
Info (12128): Elaborating entity "Bin_Counter4bit" for hierarchy "Bin_Counter4bit:XCounter" File: N:/ECE124/Lab4/LogicalStep_Lab4_top.vhd Line: 142
Warning (10492): VHDL Process Statement warning at Bin_Counter4bit.vhd(30): signal "ud_bin_counter" is read inside the Process Statement but isn't in the Process Statement's sensitivity list File: N:/ECE124/Lab4/Bin_Counter4bit.vhd Line: 30
Warning (12090): Entity "MUX" obtained from "mux.vhd" instead of from Quartus Prime megafunction library File: N:/ECE124/Lab4/mux.vhd Line: 6
Warning (12125): Using design file mux.vhd, which is not specified as a design file for the current project, but contains definitions for 2 design units and 1 entities in project
    Info (12022): Found design unit 1: MUX-Structural File: N:/ECE124/Lab4/mux.vhd Line: 14
    Info (12023): Found entity 1: MUX File: N:/ECE124/Lab4/mux.vhd Line: 6
Info (12128): Elaborating entity "MUX" for hierarchy "MUX:XMUX" File: N:/ECE124/Lab4/LogicalStep_Lab4_top.vhd Line: 144
Info (12128): Elaborating entity "Mealy_State_Machine" for hierarchy "Mealy_State_Machine:MealState" File: N:/ECE124/Lab4/LogicalStep_Lab4_top.vhd Line: 146
Warning (10492): VHDL Process Statement warning at Mealy_State_Machine.vhd(37): signal "extender_out" is read inside the Process Statement but isn't in the Process Statement's sensitivity list File: N:/ECE124/Lab4/Mealy_State_Machine.vhd Line: 37
Warning (10492): VHDL Process Statement warning at Mealy_State_Machine.vhd(40): signal "extender_out" is read inside the Process Statement but isn't in the Process Statement's sensitivity list File: N:/ECE124/Lab4/Mealy_State_Machine.vhd Line: 40
Warning (10492): VHDL Process Statement warning at Mealy_State_Machine.vhd(43): signal "xeq" is read inside the Process Statement but isn't in the Process Statement's sensitivity list File: N:/ECE124/Lab4/Mealy_State_Machine.vhd Line: 43
Warning (10492): VHDL Process Statement warning at Mealy_State_Machine.vhd(46): signal "yeq" is read inside the Process Statement but isn't in the Process Statement's sensitivity list File: N:/ECE124/Lab4/Mealy_State_Machine.vhd Line: 46
Warning (10631): VHDL Process Statement warning at Mealy_State_Machine.vhd(35): inferring latch(es) for signal or variable "nextXState", which holds its previous value in one or more paths through the process File: N:/ECE124/Lab4/Mealy_State_Machine.vhd Line: 35
Warning (10631): VHDL Process Statement warning at Mealy_State_Machine.vhd(35): inferring latch(es) for signal or variable "nextYState", which holds its previous value in one or more paths through the process File: N:/ECE124/Lab4/Mealy_State_Machine.vhd Line: 35
Warning (10492): VHDL Process Statement warning at Mealy_State_Machine.vhd(60): signal "xmotion" is read inside the Process Statement but isn't in the Process Statement's sensitivity list File: N:/ECE124/Lab4/Mealy_State_Machine.vhd Line: 60
Warning (10492): VHDL Process Statement warning at Mealy_State_Machine.vhd(60): signal "ymotion" is read inside the Process Statement but isn't in the Process Statement's sensitivity list File: N:/ECE124/Lab4/Mealy_State_Machine.vhd Line: 60
Warning (10631): VHDL Process Statement warning at Mealy_State_Machine.vhd(53): inferring latch(es) for signal or variable "xclk_en", which holds its previous value in one or more paths through the process File: N:/ECE124/Lab4/Mealy_State_Machine.vhd Line: 53
Warning (10631): VHDL Process Statement warning at Mealy_State_Machine.vhd(53): inferring latch(es) for signal or variable "xupdown", which holds its previous value in one or more paths through the process File: N:/ECE124/Lab4/Mealy_State_Machine.vhd Line: 53
Warning (10631): VHDL Process Statement warning at Mealy_State_Machine.vhd(53): inferring latch(es) for signal or variable "yclk_en", which holds its previous value in one or more paths through the process File: N:/ECE124/Lab4/Mealy_State_Machine.vhd Line: 53
Warning (10631): VHDL Process Statement warning at Mealy_State_Machine.vhd(53): inferring latch(es) for signal or variable "yupdown", which holds its previous value in one or more paths through the process File: N:/ECE124/Lab4/Mealy_State_Machine.vhd Line: 53
Info (10041): Inferred latch for "yupdown" at Mealy_State_Machine.vhd(53) File: N:/ECE124/Lab4/Mealy_State_Machine.vhd Line: 53
Info (10041): Inferred latch for "yclk_en" at Mealy_State_Machine.vhd(53) File: N:/ECE124/Lab4/Mealy_State_Machine.vhd Line: 53
Info (10041): Inferred latch for "xupdown" at Mealy_State_Machine.vhd(53) File: N:/ECE124/Lab4/Mealy_State_Machine.vhd Line: 53
Info (10041): Inferred latch for "xclk_en" at Mealy_State_Machine.vhd(53) File: N:/ECE124/Lab4/Mealy_State_Machine.vhd Line: 53
Info (10041): Inferred latch for "nextYState" at Mealy_State_Machine.vhd(35) File: N:/ECE124/Lab4/Mealy_State_Machine.vhd Line: 35
Info (10041): Inferred latch for "nextXState" at Mealy_State_Machine.vhd(35) File: N:/ECE124/Lab4/Mealy_State_Machine.vhd Line: 35
Info (12128): Elaborating entity "MooreOne" for hierarchy "MooreOne:MooreState1" File: N:/ECE124/Lab4/LogicalStep_Lab4_top.vhd Line: 147
Warning (10631): VHDL Process Statement warning at MooreOne.vhd(46): inferring latch(es) for signal or variable "nextState", which holds its previous value in one or more paths through the process File: N:/ECE124/Lab4/MooreOne.vhd Line: 46
Warning (10631): VHDL Process Statement warning at MooreOne.vhd(65): inferring latch(es) for signal or variable "extendOut", which holds its previous value in one or more paths through the process File: N:/ECE124/Lab4/MooreOne.vhd Line: 65
Warning (10631): VHDL Process Statement warning at MooreOne.vhd(65): inferring latch(es) for signal or variable "shiftClk_en", which holds its previous value in one or more paths through the process File: N:/ECE124/Lab4/MooreOne.vhd Line: 65
Warning (10631): VHDL Process Statement warning at MooreOne.vhd(65): inferring latch(es) for signal or variable "grappleEnable", which holds its previous value in one or more paths through the process File: N:/ECE124/Lab4/MooreOne.vhd Line: 65
Warning (10631): VHDL Process Statement warning at MooreOne.vhd(65): inferring latch(es) for signal or variable "direction", which holds its previous value in one or more paths through the process File: N:/ECE124/Lab4/MooreOne.vhd Line: 65
Info (10041): Inferred latch for "direction" at MooreOne.vhd(65) File: N:/ECE124/Lab4/MooreOne.vhd Line: 65
Info (10041): Inferred latch for "grappleEnable" at MooreOne.vhd(65) File: N:/ECE124/Lab4/MooreOne.vhd Line: 65
Info (10041): Inferred latch for "shiftClk_en" at MooreOne.vhd(65) File: N:/ECE124/Lab4/MooreOne.vhd Line: 65
Info (10041): Inferred latch for "extendOut" at MooreOne.vhd(65) File: N:/ECE124/Lab4/MooreOne.vhd Line: 65
Info (12128): Elaborating entity "MooreTwo" for hierarchy "MooreTwo:MooreState2" File: N:/ECE124/Lab4/LogicalStep_Lab4_top.vhd Line: 148
Warning (10631): VHDL Process Statement warning at MooreTwo.vhd(63): inferring latch(es) for signal or variable "grapplevar", which holds its previous value in one or more paths through the process File: N:/ECE124/Lab4/MooreTwo.vhd Line: 63
Info (10041): Inferred latch for "grapplevar" at MooreTwo.vhd(63) File: N:/ECE124/Lab4/MooreTwo.vhd Line: 63
Warning (13012): Latch Mealy_State_Machine:MealState|xupdown has unsafe behavior File: N:/ECE124/Lab4/Mealy_State_Machine.vhd Line: 7
    Warning (13013): Ports D and ENA on the latch are fed by the same signal four_bit_comparator:XComparator|AGTB File: N:/ECE124/Lab4/four_bit_comparator.vhd Line: 14
Warning (13012): Latch Mealy_State_Machine:MealState|yupdown has unsafe behavior File: N:/ECE124/Lab4/Mealy_State_Machine.vhd Line: 7
    Warning (13013): Ports D and ENA on the latch are fed by the same signal four_bit_comparator:YComparator|AGTB File: N:/ECE124/Lab4/four_bit_comparator.vhd Line: 14
Warning (13012): Latch MooreOne:MooreState1|direction has unsafe behavior File: N:/ECE124/Lab4/MooreOne.vhd Line: 9
    Warning (13013): Ports D and ENA on the latch are fed by the same signal MooreOne:MooreState1|currentState.s1 File: N:/ECE124/Lab4/MooreOne.vhd Line: 23
Warning (13024): Output pins are stuck at VCC or GND
    Warning (13410): Pin "leds[1]" is stuck at GND File: N:/ECE124/Lab4/LogicalStep_Lab4_top.vhd Line: 13
    Warning (13410): Pin "leds[2]" is stuck at GND File: N:/ECE124/Lab4/LogicalStep_Lab4_top.vhd Line: 13
Info (286030): Timing-Driven Synthesis is running
Info (17049): 4 registers lost all their fanouts during netlist optimizations.
Info (16010): Generating hard_block partition "hard_block:auto_generated_inst"
    Info (16011): Adding 0 node(s), including 0 DDIO, 0 PLL, 0 transceiver and 0 LCELL
Info (21057): Implemented 148 device resources after synthesis - the final resource count might be different
    Info (21058): Implemented 14 input pins
    Info (21059): Implemented 17 output pins
    Info (21061): Implemented 117 logic cells
Info: Quartus Prime Analysis & Synthesis was successful. 0 errors, 36 warnings
    Info: Peak virtual memory: 858 megabytes
    Info: Processing ended: Fri Jul 06 16:40:12 2018
    Info: Elapsed time: 00:00:16
    Info: Total CPU time (on all processors): 00:00:22


=======
Analysis & Synthesis report for LogicalStep_Lab4_top
Fri Jul 06 16:40:12 2018
Quartus Prime Version 15.1.0 Build 185 10/21/2015 SJ Standard Edition


---------------------
; Table of Contents ;
---------------------
  1. Legal Notice
  2. Analysis & Synthesis Summary
  3. Analysis & Synthesis Settings
  4. Parallel Compilation
  5. Analysis & Synthesis Source Files Read
  6. Analysis & Synthesis Resource Usage Summary
  7. Analysis & Synthesis Resource Utilization by Entity
  8. State Machine - |LogicalStep_Lab4_top|MooreTwo:MooreState2|currentState
  9. State Machine - |LogicalStep_Lab4_top|MooreOne:MooreState1|currentState
 10. User-Specified and Inferred Latches
 11. Registers Removed During Synthesis
 12. General Register Statistics
 13. Multiplexer Restructuring Statistics (Restructuring Performed)
 14. Post-Synthesis Netlist Statistics for Top Partition
 15. Elapsed Time Per Partition
 16. Analysis & Synthesis Messages



----------------
; Legal Notice ;
----------------
Copyright (C) 1991-2015 Altera Corporation. All rights reserved.
Your use of Altera Corporation's design tools, logic functions 
and other software and tools, and its AMPP partner logic 
functions, and any output files from any of the foregoing 
(including device programming or simulation files), and any 
associated documentation or information are expressly subject 
to the terms and conditions of the Altera Program License 
Subscription Agreement, the Altera Quartus Prime License Agreement,
the Altera MegaCore Function License Agreement, or other 
applicable license agreement, including, without limitation, 
that your use is for the sole purpose of programming logic 
devices manufactured by Altera and sold by Altera or its 
authorized distributors.  Please refer to the applicable 
agreement for further details.



+--------------------------------------------------------------------------------------+
; Analysis & Synthesis Summary                                                         ;
+------------------------------------+-------------------------------------------------+
; Analysis & Synthesis Status        ; Successful - Fri Jul 06 16:40:12 2018           ;
; Quartus Prime Version              ; 15.1.0 Build 185 10/21/2015 SJ Standard Edition ;
; Revision Name                      ; LogicalStep_Lab4_top                            ;
; Top-level Entity Name              ; LogicalStep_Lab4_top                            ;
; Family                             ; MAX 10                                          ;
; Total logic elements               ; 115                                             ;
;     Total combinational functions  ; 115                                             ;
;     Dedicated logic registers      ; 43                                              ;
; Total registers                    ; 43                                              ;
; Total pins                         ; 31                                              ;
; Total virtual pins                 ; 0                                               ;
; Total memory bits                  ; 0                                               ;
; Embedded Multiplier 9-bit elements ; 0                                               ;
; Total PLLs                         ; 0                                               ;
; UFM blocks                         ; 0                                               ;
; ADC blocks                         ; 0                                               ;
+------------------------------------+-------------------------------------------------+


+--------------------------------------------------------------------------------------------------------------------------+
; Analysis & Synthesis Settings                                                                                            ;
+----------------------------------------------------------------------------+----------------------+----------------------+
; Option                                                                     ; Setting              ; Default Value        ;
+----------------------------------------------------------------------------+----------------------+----------------------+
; Device                                                                     ; 10M08SAE144C8G       ;                      ;
; Top-level entity name                                                      ; LogicalStep_Lab4_top ; LogicalStep_Lab4_top ;
; Family name                                                                ; MAX 10               ; Cyclone V            ;
; Use smart compilation                                                      ; Off                  ; Off                  ;
; Enable parallel Assembler and TimeQuest Timing Analyzer during compilation ; On                   ; On                   ;
; Enable compact report table                                                ; Off                  ; Off                  ;
; Restructure Multiplexers                                                   ; Auto                 ; Auto                 ;
; Create Debugging Nodes for IP Cores                                        ; Off                  ; Off                  ;
; Preserve fewer node names                                                  ; On                   ; On                   ;
; Disable OpenCore Plus hardware evaluation                                  ; Off                  ; Off                  ;
; Verilog Version                                                            ; Verilog_2001         ; Verilog_2001         ;
; VHDL Version                                                               ; VHDL_1993            ; VHDL_1993            ;
; State Machine Processing                                                   ; Auto                 ; Auto                 ;
; Safe State Machine                                                         ; Off                  ; Off                  ;
; Extract Verilog State Machines                                             ; On                   ; On                   ;
; Extract VHDL State Machines                                                ; On                   ; On                   ;
; Ignore Verilog initial constructs                                          ; Off                  ; Off                  ;
; Iteration limit for constant Verilog loops                                 ; 5000                 ; 5000                 ;
; Iteration limit for non-constant Verilog loops                             ; 250                  ; 250                  ;
; Add Pass-Through Logic to Inferred RAMs                                    ; On                   ; On                   ;
; Infer RAMs from Raw Logic                                                  ; On                   ; On                   ;
; Parallel Synthesis                                                         ; On                   ; On                   ;
; DSP Block Balancing                                                        ; Auto                 ; Auto                 ;
; NOT Gate Push-Back                                                         ; On                   ; On                   ;
; Power-Up Don't Care                                                        ; On                   ; On                   ;
; Remove Redundant Logic Cells                                               ; Off                  ; Off                  ;
; Remove Duplicate Registers                                                 ; On                   ; On                   ;
; Ignore CARRY Buffers                                                       ; Off                  ; Off                  ;
; Ignore CASCADE Buffers                                                     ; Off                  ; Off                  ;
; Ignore GLOBAL Buffers                                                      ; Off                  ; Off                  ;
; Ignore ROW GLOBAL Buffers                                                  ; Off                  ; Off                  ;
; Ignore LCELL Buffers                                                       ; Off                  ; Off                  ;
; Ignore SOFT Buffers                                                        ; On                   ; On                   ;
; Limit AHDL Integers to 32 Bits                                             ; Off                  ; Off                  ;
; Optimization Technique                                                     ; Balanced             ; Balanced             ;
; Carry Chain Length                                                         ; 70                   ; 70                   ;
; Auto Carry Chains                                                          ; On                   ; On                   ;
; Auto Open-Drain Pins                                                       ; On                   ; On                   ;
; Perform WYSIWYG Primitive Resynthesis                                      ; Off                  ; Off                  ;
; Auto ROM Replacement                                                       ; On                   ; On                   ;
; Auto RAM Replacement                                                       ; On                   ; On                   ;
; Auto DSP Block Replacement                                                 ; On                   ; On                   ;
; Auto Shift Register Replacement                                            ; Auto                 ; Auto                 ;
; Allow Shift Register Merging across Hierarchies                            ; Auto                 ; Auto                 ;
; Auto Clock Enable Replacement                                              ; On                   ; On                   ;
; Strict RAM Replacement                                                     ; Off                  ; Off                  ;
; Allow Synchronous Control Signals                                          ; On                   ; On                   ;
; Force Use of Synchronous Clear Signals                                     ; Off                  ; Off                  ;
; Auto RAM Block Balancing                                                   ; On                   ; On                   ;
; Auto RAM to Logic Cell Conversion                                          ; Off                  ; Off                  ;
; Auto Resource Sharing                                                      ; Off                  ; Off                  ;
; Allow Any RAM Size For Recognition                                         ; Off                  ; Off                  ;
; Allow Any ROM Size For Recognition                                         ; Off                  ; Off                  ;
; Allow Any Shift Register Size For Recognition                              ; Off                  ; Off                  ;
; Use LogicLock Constraints during Resource Balancing                        ; On                   ; On                   ;
; Ignore translate_off and synthesis_off directives                          ; Off                  ; Off                  ;
; Timing-Driven Synthesis                                                    ; On                   ; On                   ;
; Report Parameter Settings                                                  ; On                   ; On                   ;
; Report Source Assignments                                                  ; On                   ; On                   ;
; Report Connectivity Checks                                                 ; On                   ; On                   ;
; Ignore Maximum Fan-Out Assignments                                         ; Off                  ; Off                  ;
; Synchronization Register Chain Length                                      ; 2                    ; 2                    ;
; PowerPlay Power Optimization During Synthesis                              ; Normal compilation   ; Normal compilation   ;
; HDL message level                                                          ; Level2               ; Level2               ;
; Suppress Register Optimization Related Messages                            ; Off                  ; Off                  ;
; Number of Removed Registers Reported in Synthesis Report                   ; 5000                 ; 5000                 ;
; Number of Swept Nodes Reported in Synthesis Report                         ; 5000                 ; 5000                 ;
; Number of Inverted Registers Reported in Synthesis Report                  ; 100                  ; 100                  ;
; Clock MUX Protection                                                       ; On                   ; On                   ;
; Auto Gated Clock Conversion                                                ; Off                  ; Off                  ;
; Block Design Naming                                                        ; Auto                 ; Auto                 ;
; SDC constraint protection                                                  ; Off                  ; Off                  ;
; Synthesis Effort                                                           ; Auto                 ; Auto                 ;
; Shift Register Replacement - Allow Asynchronous Clear Signal               ; On                   ; On                   ;
; Pre-Mapping Resynthesis Optimization                                       ; Off                  ; Off                  ;
; Analysis & Synthesis Message Level                                         ; Medium               ; Medium               ;
; Disable Register Merging Across Hierarchies                                ; Auto                 ; Auto                 ;
; Resource Aware Inference For Block RAM                                     ; On                   ; On                   ;
; Synthesis Seed                                                             ; 1                    ; 1                    ;
+----------------------------------------------------------------------------+----------------------+----------------------+


+------------------------------------------+
; Parallel Compilation                     ;
+----------------------------+-------------+
; Processors                 ; Number      ;
+----------------------------+-------------+
; Number detected on machine ; 4           ;
; Maximum allowed            ; 2           ;
;                            ;             ;
; Average used               ; 1.00        ;
; Maximum used               ; 2           ;
;                            ;             ;
; Usage by Processor         ; % Time Used ;
;     Processor 1            ; 100.0%      ;
;     Processor 2            ; < 0.1%      ;
+----------------------------+-------------+


+--------------------------------------------------------------------------------------------------------------------------------+
; Analysis & Synthesis Source Files Read                                                                                         ;
+----------------------------------+-----------------+-----------------------+-----------------------------------------+---------+
; File Name with User-Entered Path ; Used in Netlist ; File Type             ; File Name with Absolute Path            ; Library ;
+----------------------------------+-----------------+-----------------------+-----------------------------------------+---------+
; LogicalStep_Lab4_top.vhd         ; yes             ; User VHDL File        ; N:/ECE124/Lab4/LogicalStep_Lab4_top.vhd ;         ;
; segment7_mux.vhd                 ; yes             ; User VHDL File        ; N:/ECE124/Lab4/segment7_mux.vhd         ;         ;
; SevenSegment.vhd                 ; yes             ; User VHDL File        ; N:/ECE124/Lab4/SevenSegment.vhd         ;         ;
; Bidir_shift_reg.vhd              ; yes             ; User VHDL File        ; N:/ECE124/Lab4/Bidir_shift_reg.vhd      ;         ;
; Bin_Counter4bit.vhd              ; yes             ; User VHDL File        ; N:/ECE124/Lab4/Bin_Counter4bit.vhd      ;         ;
; Mealy_State_Machine.vhd          ; yes             ; User VHDL File        ; N:/ECE124/Lab4/Mealy_State_Machine.vhd  ;         ;
; MooreOne.vhd                     ; yes             ; User VHDL File        ; N:/ECE124/Lab4/MooreOne.vhd             ;         ;
; MooreTwo.vhd                     ; yes             ; User VHDL File        ; N:/ECE124/Lab4/MooreTwo.vhd             ;         ;
; four_bit_comparator.vhd          ; yes             ; Auto-Found VHDL File  ; N:/ECE124/Lab4/four_bit_comparator.vhd  ;         ;
; one_bit_comparator.vhd           ; yes             ; Auto-Found VHDL File  ; N:/ECE124/Lab4/one_bit_comparator.vhd   ;         ;
; mux.vhd                          ; yes             ; Auto-Found VHDL File  ; N:/ECE124/Lab4/mux.vhd                  ;         ;
+----------------------------------+-----------------+-----------------------+-----------------------------------------+---------+


+--------------------------------------------------------------+
; Analysis & Synthesis Resource Usage Summary                  ;
+---------------------------------------------+----------------+
; Resource                                    ; Usage          ;
+---------------------------------------------+----------------+
; Estimated Total logic elements              ; 115            ;
;                                             ;                ;
; Total combinational functions               ; 115            ;
; Logic element usage by number of LUT inputs ;                ;
;     -- 4 input functions                    ; 41             ;
;     -- 3 input functions                    ; 37             ;
;     -- <=2 input functions                  ; 37             ;
;                                             ;                ;
; Logic elements by mode                      ;                ;
;     -- normal mode                          ; 87             ;
;     -- arithmetic mode                      ; 28             ;
;                                             ;                ;
; Total registers                             ; 43             ;
;     -- Dedicated logic registers            ; 43             ;
;     -- I/O registers                        ; 0              ;
;                                             ;                ;
; I/O pins                                    ; 31             ;
;                                             ;                ;
; Embedded Multiplier 9-bit elements          ; 0              ;
;                                             ;                ;
; Maximum fan-out node                        ; clkin_50~input ;
; Maximum fan-out                             ; 24             ;
; Total fan-out                               ; 501            ;
; Average fan-out                             ; 2.28           ;
+---------------------------------------------+----------------+


+---------------------------------------------------------------------------------------------------------------------------------------------------------------------------------------------------------------------------------------------------+
; Analysis & Synthesis Resource Utilization by Entity                                                                                                                                                                                               ;
+--------------------------------------+-------------------+--------------+-------------+------------+--------------+---------+-----------+------+--------------+------------+-------------------------------------------------------+--------------+
; Compilation Hierarchy Node           ; LC Combinationals ; LC Registers ; Memory Bits ; UFM Blocks ; DSP Elements ; DSP 9x9 ; DSP 18x18 ; Pins ; Virtual Pins ; ADC blocks ; Full Hierarchy Name                                   ; Library Name ;
+--------------------------------------+-------------------+--------------+-------------+------------+--------------+---------+-----------+------+--------------+------------+-------------------------------------------------------+--------------+
; |LogicalStep_Lab4_top                ; 115 (24)          ; 43 (24)      ; 0           ; 0          ; 0            ; 0       ; 0         ; 31   ; 0            ; 0          ; |LogicalStep_Lab4_top                                 ; work         ;
;    |Bidir_shift_reg:BidirReg|        ; 4 (4)             ; 4 (4)        ; 0           ; 0          ; 0            ; 0       ; 0         ; 0    ; 0            ; 0          ; |LogicalStep_Lab4_top|Bidir_shift_reg:BidirReg        ; work         ;
;    |Bin_Counter4bit:XCounter|        ; 6 (6)             ; 4 (4)        ; 0           ; 0          ; 0            ; 0       ; 0         ; 0    ; 0            ; 0          ; |LogicalStep_Lab4_top|Bin_Counter4bit:XCounter        ; work         ;
;    |Bin_Counter4bit:YCounter|        ; 6 (6)             ; 4 (4)        ; 0           ; 0          ; 0            ; 0       ; 0         ; 0    ; 0            ; 0          ; |LogicalStep_Lab4_top|Bin_Counter4bit:YCounter        ; work         ;
;    |MUX:XMUX|                        ; 4 (4)             ; 0 (0)        ; 0           ; 0          ; 0            ; 0       ; 0         ; 0    ; 0            ; 0          ; |LogicalStep_Lab4_top|MUX:XMUX                        ; work         ;
;    |MUX:YMUX|                        ; 4 (4)             ; 0 (0)        ; 0           ; 0          ; 0            ; 0       ; 0         ; 0    ; 0            ; 0          ; |LogicalStep_Lab4_top|MUX:YMUX                        ; work         ;
;    |Mealy_State_Machine:MealState|   ; 22 (22)           ; 2 (2)        ; 0           ; 0          ; 0            ; 0       ; 0         ; 0    ; 0            ; 0          ; |LogicalStep_Lab4_top|Mealy_State_Machine:MealState   ; work         ;
;    |MooreOne:MooreState1|            ; 11 (11)           ; 4 (4)        ; 0           ; 0          ; 0            ; 0       ; 0         ; 0    ; 0            ; 0          ; |LogicalStep_Lab4_top|MooreOne:MooreState1            ; work         ;
;    |MooreTwo:MooreState2|            ; 1 (1)             ; 1 (1)        ; 0           ; 0          ; 0            ; 0       ; 0         ; 0    ; 0            ; 0          ; |LogicalStep_Lab4_top|MooreTwo:MooreState2            ; work         ;
;    |SevenSegment:XSevenSeg|          ; 7 (7)             ; 0 (0)        ; 0           ; 0          ; 0            ; 0       ; 0         ; 0    ; 0            ; 0          ; |LogicalStep_Lab4_top|SevenSegment:XSevenSeg          ; work         ;
;    |SevenSegment:YSevenSeg|          ; 7 (7)             ; 0 (0)        ; 0           ; 0          ; 0            ; 0       ; 0         ; 0    ; 0            ; 0          ; |LogicalStep_Lab4_top|SevenSegment:YSevenSeg          ; work         ;
;    |four_bit_comparator:XComparator| ; 6 (6)             ; 0 (0)        ; 0           ; 0          ; 0            ; 0       ; 0         ; 0    ; 0            ; 0          ; |LogicalStep_Lab4_top|four_bit_comparator:XComparator ; work         ;
;    |four_bit_comparator:YComparator| ; 6 (6)             ; 0 (0)        ; 0           ; 0          ; 0            ; 0       ; 0         ; 0    ; 0            ; 0          ; |LogicalStep_Lab4_top|four_bit_comparator:YComparator ; work         ;
;    |segment7_mux:seg7mux|            ; 7 (7)             ; 0 (0)        ; 0           ; 0          ; 0            ; 0       ; 0         ; 0    ; 0            ; 0          ; |LogicalStep_Lab4_top|segment7_mux:seg7mux            ; work         ;
+--------------------------------------+-------------------+--------------+-------------+------------+--------------+---------+-----------+------+--------------+------------+-------------------------------------------------------+--------------+
Note: For table entries with two numbers listed, the numbers in parentheses indicate the number of resources of the given type used by the specific entity alone. The numbers listed outside of parentheses indicate the total resources of the given type used by the specific entity and all of its sub-entities in the hierarchy.


Encoding Type:  One-Hot
+-------------------------------------------------------------------------+
; State Machine - |LogicalStep_Lab4_top|MooreTwo:MooreState2|currentState ;
+-----------------+-----------------+-----------------+-------------------+
; Name            ; currentState.s2 ; currentState.s1 ; currentState.s0   ;
+-----------------+-----------------+-----------------+-------------------+
; currentState.s0 ; 0               ; 0               ; 0                 ;
; currentState.s1 ; 0               ; 1               ; 1                 ;
; currentState.s2 ; 1               ; 0               ; 1                 ;
+-----------------+-----------------+-----------------+-------------------+


Encoding Type:  One-Hot
+-----------------------------------------------------------------------------------------+
; State Machine - |LogicalStep_Lab4_top|MooreOne:MooreState1|currentState                 ;
+-----------------+-----------------+-----------------+-----------------+-----------------+
; Name            ; currentState.s3 ; currentState.s2 ; currentState.s1 ; currentState.s0 ;
+-----------------+-----------------+-----------------+-----------------+-----------------+
; currentState.s0 ; 0               ; 0               ; 0               ; 0               ;
; currentState.s1 ; 0               ; 0               ; 1               ; 1               ;
; currentState.s2 ; 0               ; 1               ; 0               ; 1               ;
; currentState.s3 ; 1               ; 0               ; 0               ; 1               ;
+-----------------+-----------------+-----------------+-----------------+-----------------+


+---------------------------------------------------------------------------------------------------------------------+
; User-Specified and Inferred Latches                                                                                 ;
+----------------------------------------------------+---------------------------------------+------------------------+
; Latch Name                                         ; Latch Enable Signal                   ; Free of Timing Hazards ;
+----------------------------------------------------+---------------------------------------+------------------------+
; Mealy_State_Machine:MealState|xclk_en              ; MooreOne:MooreState1|currentState.s0  ; yes                    ;
; Mealy_State_Machine:MealState|xupdown              ; Mealy_State_Machine:MealState|xupdown ; yes                    ;
; Mealy_State_Machine:MealState|yclk_en              ; MooreOne:MooreState1|currentState.s0  ; yes                    ;
; Mealy_State_Machine:MealState|yupdown              ; Mealy_State_Machine:MealState|yupdown ; yes                    ;
; MooreOne:MooreState1|direction                     ; MooreOne:MooreState1|direction        ; yes                    ;
; Mealy_State_Machine:MealState|nextXState           ; GND                                   ; yes                    ;
; Mealy_State_Machine:MealState|nextYState           ; GND                                   ; yes                    ;
; Number of user-specified and inferred latches = 7  ;                                       ;                        ;
+----------------------------------------------------+---------------------------------------+------------------------+
Note: All latches listed above may not be present at the end of synthesis due to various synthesis optimizations.


+------------------------------------------------------------------------+
; Registers Removed During Synthesis                                     ;
+------------------------------------------+-----------------------------+
; Register name                            ; Reason for Removal          ;
+------------------------------------------+-----------------------------+
; segment7_mux:seg7mux|\clk_proc:COUNT[0]  ; Merged with bin_counter[0]  ;
; segment7_mux:seg7mux|\clk_proc:COUNT[1]  ; Merged with bin_counter[1]  ;
; segment7_mux:seg7mux|\clk_proc:COUNT[2]  ; Merged with bin_counter[2]  ;
; segment7_mux:seg7mux|\clk_proc:COUNT[3]  ; Merged with bin_counter[3]  ;
; segment7_mux:seg7mux|\clk_proc:COUNT[4]  ; Merged with bin_counter[4]  ;
; segment7_mux:seg7mux|\clk_proc:COUNT[5]  ; Merged with bin_counter[5]  ;
; segment7_mux:seg7mux|\clk_proc:COUNT[6]  ; Merged with bin_counter[6]  ;
; segment7_mux:seg7mux|\clk_proc:COUNT[7]  ; Merged with bin_counter[7]  ;
; segment7_mux:seg7mux|\clk_proc:COUNT[8]  ; Merged with bin_counter[8]  ;
; segment7_mux:seg7mux|\clk_proc:COUNT[9]  ; Merged with bin_counter[9]  ;
; segment7_mux:seg7mux|\clk_proc:COUNT[10] ; Merged with bin_counter[10] ;
; MooreTwo:MooreState2|currentState.s0     ; Lost fanout                 ;
; MooreTwo:MooreState2|currentState.s1     ; Lost fanout                 ;
; bin_counter[24,25]                       ; Lost fanout                 ;
; Total Number of Removed Registers = 15   ;                             ;
+------------------------------------------+-----------------------------+


+------------------------------------------------------+
; General Register Statistics                          ;
+----------------------------------------------+-------+
; Statistic                                    ; Value ;
+----------------------------------------------+-------+
; Total registers                              ; 43    ;
; Number of registers using Synchronous Clear  ; 0     ;
; Number of registers using Synchronous Load   ; 0     ;
; Number of registers using Asynchronous Clear ; 12    ;
; Number of registers using Asynchronous Load  ; 0     ;
; Number of registers using Clock Enable       ; 10    ;
; Number of registers using Preset             ; 0     ;
+----------------------------------------------+-------+


+-----------------------------------------------------------------------------------------------------------------------------------------------------------------------+
; Multiplexer Restructuring Statistics (Restructuring Performed)                                                                                                        ;
+--------------------+-----------+---------------+----------------------+------------------------+------------+---------------------------------------------------------+
; Multiplexer Inputs ; Bus Width ; Baseline Area ; Area if Restructured ; Saving if Restructured ; Registered ; Example Multiplexer Output                              ;
+--------------------+-----------+---------------+----------------------+------------------------+------------+---------------------------------------------------------+
; 3:1                ; 2 bits    ; 4 LEs         ; 4 LEs                ; 0 LEs                  ; No         ; |LogicalStep_Lab4_top|MooreOne:MooreState1|shiftClk_en  ;
; 4:1                ; 2 bits    ; 4 LEs         ; 2 LEs                ; 2 LEs                  ; No         ; |LogicalStep_Lab4_top|MooreOne:MooreState1|nextState.s2 ;
; 4:1                ; 2 bits    ; 4 LEs         ; 4 LEs                ; 0 LEs                  ; No         ; |LogicalStep_Lab4_top|MooreTwo:MooreState2|nextState.s2 ;
+--------------------+-----------+---------------+----------------------+------------------------+------------+---------------------------------------------------------+


+-----------------------------------------------------+
; Post-Synthesis Netlist Statistics for Top Partition ;
+-----------------------+-----------------------------+
; Type                  ; Count                       ;
+-----------------------+-----------------------------+
; boundary_port         ; 31                          ;
; cycloneiii_ff         ; 43                          ;
;     CLR               ; 2                           ;
;     ENA CLR           ; 10                          ;
;     plain             ; 31                          ;
; cycloneiii_io_obuf    ; 3                           ;
; cycloneiii_lcell_comb ; 121                         ;
;     arith             ; 28                          ;
;         2 data inputs ; 23                          ;
;         3 data inputs ; 5                           ;
;     normal            ; 93                          ;
;         0 data inputs ; 1                           ;
;         1 data inputs ; 7                           ;
;         2 data inputs ; 12                          ;
;         3 data inputs ; 32                          ;
;         4 data inputs ; 41                          ;
;                       ;                             ;
; Max LUT depth         ; 4.00                        ;
; Average LUT depth     ; 2.74                        ;
+-----------------------+-----------------------------+


+-------------------------------+
; Elapsed Time Per Partition    ;
+----------------+--------------+
; Partition Name ; Elapsed Time ;
+----------------+--------------+
; Top            ; 00:00:00     ;
+----------------+--------------+


+-------------------------------+
; Analysis & Synthesis Messages ;
+-------------------------------+
Info: *******************************************************************
Info: Running Quartus Prime Analysis & Synthesis
    Info: Version 15.1.0 Build 185 10/21/2015 SJ Standard Edition
    Info: Processing started: Fri Jul 06 16:39:56 2018
Info: Command: quartus_map --read_settings_files=on --write_settings_files=off LogicalStep_Lab4 -c LogicalStep_Lab4_top
Info (20030): Parallel compilation is enabled and will use 2 of the 2 processors detected
Info (12021): Found 2 design units, including 1 entities, in source file logicalstep_lab4_top.vhd
    Info (12022): Found design unit 1: LogicalStep_Lab4_top-SimpleCircuit File: N:/ECE124/Lab4/LogicalStep_Lab4_top.vhd Line: 20
    Info (12023): Found entity 1: LogicalStep_Lab4_top File: N:/ECE124/Lab4/LogicalStep_Lab4_top.vhd Line: 6
Info (12021): Found 2 design units, including 1 entities, in source file segment7_mux.vhd
    Info (12022): Found design unit 1: segment7_mux-syn File: N:/ECE124/Lab4/segment7_mux.vhd Line: 67
    Info (12023): Found entity 1: segment7_mux File: N:/ECE124/Lab4/segment7_mux.vhd Line: 52
Info (12021): Found 2 design units, including 1 entities, in source file sevensegment.vhd
    Info (12022): Found design unit 1: SevenSegment-Structural File: N:/ECE124/Lab4/SevenSegment.vhd Line: 18
    Info (12023): Found entity 1: SevenSegment File: N:/ECE124/Lab4/SevenSegment.vhd Line: 10
Warning (12019): Can't analyze file -- file compx4.vhd is missing
Warning (12019): Can't analyze file -- file compx1.vhd is missing
Info (12021): Found 2 design units, including 1 entities, in source file bidir_shift_reg.vhd
    Info (12022): Found design unit 1: Bidir_shift_reg-one File: N:/ECE124/Lab4/Bidir_shift_reg.vhd Line: 14
    Info (12023): Found entity 1: Bidir_shift_reg File: N:/ECE124/Lab4/Bidir_shift_reg.vhd Line: 5
Info (12021): Found 2 design units, including 1 entities, in source file bin_counter4bit.vhd
    Info (12022): Found design unit 1: Bin_Counter4bit-one File: N:/ECE124/Lab4/Bin_Counter4bit.vhd Line: 14
    Info (12023): Found entity 1: Bin_Counter4bit File: N:/ECE124/Lab4/Bin_Counter4bit.vhd Line: 5
Info (12021): Found 2 design units, including 1 entities, in source file mealy_state_machine.vhd
    Info (12022): Found design unit 1: Mealy_State_Machine-Mealy File: N:/ECE124/Lab4/Mealy_State_Machine.vhd Line: 11
    Info (12023): Found entity 1: Mealy_State_Machine File: N:/ECE124/Lab4/Mealy_State_Machine.vhd Line: 5
Info (12021): Found 2 design units, including 1 entities, in source file mooreone.vhd
    Info (12022): Found design unit 1: MooreOne-MooreOne File: N:/ECE124/Lab4/MooreOne.vhd Line: 14
    Info (12023): Found entity 1: MooreOne File: N:/ECE124/Lab4/MooreOne.vhd Line: 5
Info (12021): Found 2 design units, including 1 entities, in source file mooretwo.vhd
    Info (12022): Found design unit 1: MooreTwo-MooreTwo File: N:/ECE124/Lab4/MooreTwo.vhd Line: 13
    Info (12023): Found entity 1: MooreTwo File: N:/ECE124/Lab4/MooreTwo.vhd Line: 5
Info (12127): Elaborating entity "LogicalStep_Lab4_top" for the top level hierarchy
Warning (10873): Using initial value X (don't care) for net "leds[2..1]" at LogicalStep_Lab4_top.vhd(13) File: N:/ECE124/Lab4/LogicalStep_Lab4_top.vhd Line: 13
Warning (12125): Using design file four_bit_comparator.vhd, which is not specified as a design file for the current project, but contains definitions for 2 design units and 1 entities in project
    Info (12022): Found design unit 1: four_bit_comparator-Structural File: N:/ECE124/Lab4/four_bit_comparator.vhd Line: 20
    Info (12023): Found entity 1: four_bit_comparator File: N:/ECE124/Lab4/four_bit_comparator.vhd Line: 5
Info (12128): Elaborating entity "four_bit_comparator" for hierarchy "four_bit_comparator:XComparator" File: N:/ECE124/Lab4/LogicalStep_Lab4_top.vhd Line: 135
Warning (12125): Using design file one_bit_comparator.vhd, which is not specified as a design file for the current project, but contains definitions for 2 design units and 1 entities in project
    Info (12022): Found design unit 1: one_bit_comparator-Structural File: N:/ECE124/Lab4/one_bit_comparator.vhd Line: 14
    Info (12023): Found entity 1: one_bit_comparator File: N:/ECE124/Lab4/one_bit_comparator.vhd Line: 5
Info (12128): Elaborating entity "one_bit_comparator" for hierarchy "four_bit_comparator:XComparator|one_bit_comparator:INST1" File: N:/ECE124/Lab4/four_bit_comparator.vhd Line: 45
Info (12128): Elaborating entity "SevenSegment" for hierarchy "SevenSegment:XSevenSeg" File: N:/ECE124/Lab4/LogicalStep_Lab4_top.vhd Line: 137
Info (12128): Elaborating entity "segment7_mux" for hierarchy "segment7_mux:seg7mux" File: N:/ECE124/Lab4/LogicalStep_Lab4_top.vhd Line: 139
Info (12128): Elaborating entity "Bidir_shift_reg" for hierarchy "Bidir_shift_reg:BidirReg" File: N:/ECE124/Lab4/LogicalStep_Lab4_top.vhd Line: 140
Warning (10492): VHDL Process Statement warning at Bidir_shift_reg.vhd(30): signal "sreg" is read inside the Process Statement but isn't in the Process Statement's sensitivity list File: N:/ECE124/Lab4/Bidir_shift_reg.vhd Line: 30
Info (12128): Elaborating entity "Bin_Counter4bit" for hierarchy "Bin_Counter4bit:XCounter" File: N:/ECE124/Lab4/LogicalStep_Lab4_top.vhd Line: 142
Warning (10492): VHDL Process Statement warning at Bin_Counter4bit.vhd(30): signal "ud_bin_counter" is read inside the Process Statement but isn't in the Process Statement's sensitivity list File: N:/ECE124/Lab4/Bin_Counter4bit.vhd Line: 30
Warning (12090): Entity "MUX" obtained from "mux.vhd" instead of from Quartus Prime megafunction library File: N:/ECE124/Lab4/mux.vhd Line: 6
Warning (12125): Using design file mux.vhd, which is not specified as a design file for the current project, but contains definitions for 2 design units and 1 entities in project
    Info (12022): Found design unit 1: MUX-Structural File: N:/ECE124/Lab4/mux.vhd Line: 14
    Info (12023): Found entity 1: MUX File: N:/ECE124/Lab4/mux.vhd Line: 6
Info (12128): Elaborating entity "MUX" for hierarchy "MUX:XMUX" File: N:/ECE124/Lab4/LogicalStep_Lab4_top.vhd Line: 144
Info (12128): Elaborating entity "Mealy_State_Machine" for hierarchy "Mealy_State_Machine:MealState" File: N:/ECE124/Lab4/LogicalStep_Lab4_top.vhd Line: 146
Warning (10492): VHDL Process Statement warning at Mealy_State_Machine.vhd(37): signal "extender_out" is read inside the Process Statement but isn't in the Process Statement's sensitivity list File: N:/ECE124/Lab4/Mealy_State_Machine.vhd Line: 37
Warning (10492): VHDL Process Statement warning at Mealy_State_Machine.vhd(40): signal "extender_out" is read inside the Process Statement but isn't in the Process Statement's sensitivity list File: N:/ECE124/Lab4/Mealy_State_Machine.vhd Line: 40
Warning (10492): VHDL Process Statement warning at Mealy_State_Machine.vhd(43): signal "xeq" is read inside the Process Statement but isn't in the Process Statement's sensitivity list File: N:/ECE124/Lab4/Mealy_State_Machine.vhd Line: 43
Warning (10492): VHDL Process Statement warning at Mealy_State_Machine.vhd(46): signal "yeq" is read inside the Process Statement but isn't in the Process Statement's sensitivity list File: N:/ECE124/Lab4/Mealy_State_Machine.vhd Line: 46
Warning (10631): VHDL Process Statement warning at Mealy_State_Machine.vhd(35): inferring latch(es) for signal or variable "nextXState", which holds its previous value in one or more paths through the process File: N:/ECE124/Lab4/Mealy_State_Machine.vhd Line: 35
Warning (10631): VHDL Process Statement warning at Mealy_State_Machine.vhd(35): inferring latch(es) for signal or variable "nextYState", which holds its previous value in one or more paths through the process File: N:/ECE124/Lab4/Mealy_State_Machine.vhd Line: 35
Warning (10492): VHDL Process Statement warning at Mealy_State_Machine.vhd(60): signal "xmotion" is read inside the Process Statement but isn't in the Process Statement's sensitivity list File: N:/ECE124/Lab4/Mealy_State_Machine.vhd Line: 60
Warning (10492): VHDL Process Statement warning at Mealy_State_Machine.vhd(60): signal "ymotion" is read inside the Process Statement but isn't in the Process Statement's sensitivity list File: N:/ECE124/Lab4/Mealy_State_Machine.vhd Line: 60
Warning (10631): VHDL Process Statement warning at Mealy_State_Machine.vhd(53): inferring latch(es) for signal or variable "xclk_en", which holds its previous value in one or more paths through the process File: N:/ECE124/Lab4/Mealy_State_Machine.vhd Line: 53
Warning (10631): VHDL Process Statement warning at Mealy_State_Machine.vhd(53): inferring latch(es) for signal or variable "xupdown", which holds its previous value in one or more paths through the process File: N:/ECE124/Lab4/Mealy_State_Machine.vhd Line: 53
Warning (10631): VHDL Process Statement warning at Mealy_State_Machine.vhd(53): inferring latch(es) for signal or variable "yclk_en", which holds its previous value in one or more paths through the process File: N:/ECE124/Lab4/Mealy_State_Machine.vhd Line: 53
Warning (10631): VHDL Process Statement warning at Mealy_State_Machine.vhd(53): inferring latch(es) for signal or variable "yupdown", which holds its previous value in one or more paths through the process File: N:/ECE124/Lab4/Mealy_State_Machine.vhd Line: 53
Info (10041): Inferred latch for "yupdown" at Mealy_State_Machine.vhd(53) File: N:/ECE124/Lab4/Mealy_State_Machine.vhd Line: 53
Info (10041): Inferred latch for "yclk_en" at Mealy_State_Machine.vhd(53) File: N:/ECE124/Lab4/Mealy_State_Machine.vhd Line: 53
Info (10041): Inferred latch for "xupdown" at Mealy_State_Machine.vhd(53) File: N:/ECE124/Lab4/Mealy_State_Machine.vhd Line: 53
Info (10041): Inferred latch for "xclk_en" at Mealy_State_Machine.vhd(53) File: N:/ECE124/Lab4/Mealy_State_Machine.vhd Line: 53
Info (10041): Inferred latch for "nextYState" at Mealy_State_Machine.vhd(35) File: N:/ECE124/Lab4/Mealy_State_Machine.vhd Line: 35
Info (10041): Inferred latch for "nextXState" at Mealy_State_Machine.vhd(35) File: N:/ECE124/Lab4/Mealy_State_Machine.vhd Line: 35
Info (12128): Elaborating entity "MooreOne" for hierarchy "MooreOne:MooreState1" File: N:/ECE124/Lab4/LogicalStep_Lab4_top.vhd Line: 147
Warning (10631): VHDL Process Statement warning at MooreOne.vhd(46): inferring latch(es) for signal or variable "nextState", which holds its previous value in one or more paths through the process File: N:/ECE124/Lab4/MooreOne.vhd Line: 46
Warning (10631): VHDL Process Statement warning at MooreOne.vhd(65): inferring latch(es) for signal or variable "extendOut", which holds its previous value in one or more paths through the process File: N:/ECE124/Lab4/MooreOne.vhd Line: 65
Warning (10631): VHDL Process Statement warning at MooreOne.vhd(65): inferring latch(es) for signal or variable "shiftClk_en", which holds its previous value in one or more paths through the process File: N:/ECE124/Lab4/MooreOne.vhd Line: 65
Warning (10631): VHDL Process Statement warning at MooreOne.vhd(65): inferring latch(es) for signal or variable "grappleEnable", which holds its previous value in one or more paths through the process File: N:/ECE124/Lab4/MooreOne.vhd Line: 65
Warning (10631): VHDL Process Statement warning at MooreOne.vhd(65): inferring latch(es) for signal or variable "direction", which holds its previous value in one or more paths through the process File: N:/ECE124/Lab4/MooreOne.vhd Line: 65
Info (10041): Inferred latch for "direction" at MooreOne.vhd(65) File: N:/ECE124/Lab4/MooreOne.vhd Line: 65
Info (10041): Inferred latch for "grappleEnable" at MooreOne.vhd(65) File: N:/ECE124/Lab4/MooreOne.vhd Line: 65
Info (10041): Inferred latch for "shiftClk_en" at MooreOne.vhd(65) File: N:/ECE124/Lab4/MooreOne.vhd Line: 65
Info (10041): Inferred latch for "extendOut" at MooreOne.vhd(65) File: N:/ECE124/Lab4/MooreOne.vhd Line: 65
Info (12128): Elaborating entity "MooreTwo" for hierarchy "MooreTwo:MooreState2" File: N:/ECE124/Lab4/LogicalStep_Lab4_top.vhd Line: 148
Warning (10631): VHDL Process Statement warning at MooreTwo.vhd(63): inferring latch(es) for signal or variable "grapplevar", which holds its previous value in one or more paths through the process File: N:/ECE124/Lab4/MooreTwo.vhd Line: 63
Info (10041): Inferred latch for "grapplevar" at MooreTwo.vhd(63) File: N:/ECE124/Lab4/MooreTwo.vhd Line: 63
Warning (13012): Latch Mealy_State_Machine:MealState|xupdown has unsafe behavior File: N:/ECE124/Lab4/Mealy_State_Machine.vhd Line: 7
    Warning (13013): Ports D and ENA on the latch are fed by the same signal four_bit_comparator:XComparator|AGTB File: N:/ECE124/Lab4/four_bit_comparator.vhd Line: 14
Warning (13012): Latch Mealy_State_Machine:MealState|yupdown has unsafe behavior File: N:/ECE124/Lab4/Mealy_State_Machine.vhd Line: 7
    Warning (13013): Ports D and ENA on the latch are fed by the same signal four_bit_comparator:YComparator|AGTB File: N:/ECE124/Lab4/four_bit_comparator.vhd Line: 14
Warning (13012): Latch MooreOne:MooreState1|direction has unsafe behavior File: N:/ECE124/Lab4/MooreOne.vhd Line: 9
    Warning (13013): Ports D and ENA on the latch are fed by the same signal MooreOne:MooreState1|currentState.s1 File: N:/ECE124/Lab4/MooreOne.vhd Line: 23
Warning (13024): Output pins are stuck at VCC or GND
    Warning (13410): Pin "leds[1]" is stuck at GND File: N:/ECE124/Lab4/LogicalStep_Lab4_top.vhd Line: 13
    Warning (13410): Pin "leds[2]" is stuck at GND File: N:/ECE124/Lab4/LogicalStep_Lab4_top.vhd Line: 13
Info (286030): Timing-Driven Synthesis is running
Info (17049): 4 registers lost all their fanouts during netlist optimizations.
Info (16010): Generating hard_block partition "hard_block:auto_generated_inst"
    Info (16011): Adding 0 node(s), including 0 DDIO, 0 PLL, 0 transceiver and 0 LCELL
Info (21057): Implemented 148 device resources after synthesis - the final resource count might be different
    Info (21058): Implemented 14 input pins
    Info (21059): Implemented 17 output pins
    Info (21061): Implemented 117 logic cells
Info: Quartus Prime Analysis & Synthesis was successful. 0 errors, 36 warnings
    Info: Peak virtual memory: 858 megabytes
    Info: Processing ended: Fri Jul 06 16:40:12 2018
    Info: Elapsed time: 00:00:16
    Info: Total CPU time (on all processors): 00:00:22


>>>>>>> cfef051bb3bf4a0568bc19b66a91f7a9f79c087f
